1625165773.76249 starting task
1625165773.78025 iti
1625165775.27522 iti
1625165776.77421 iti
1625165778.27324 iti
1625165779.77319 iti
1625165781.27318 iti
1625165782.77228 iti
1625165784.27216 iti
1625165785.77215 1 ring rew -0.73
1625165787.27121 1 cue rew -0.73
1625165788.77910 1 dot rew -0.73
1625165790.27012 iti
1625165791.76911 iti
1625165793.26910 iti
1625165794.76909 2 ring rew nan
1625165796.26807 iti
1625165797.76711 3 ring rew 0.33
1625165799.26687 3 cue rew 0.33
1625165800.76605 3 dot rew 0.33
1625165802.26603 iti
1625165803.76547 4 ring rew -0.9825
1625165805.26502 4 cue rew -0.9825
1625165806.76400 4 dot rew -0.9825
1625165808.26299 iti
1625165809.77997 5 ring rew -0.9825
1625165811.27893 5 cue neu -0.9825
1625165812.77892 5 dot neu -0.9825
1625165814.27807 iti
1625165815.77790 iti
1625165817.27788 iti
1625165818.77688 iti
1625165820.27686 6 ring rew nan
1625165821.77624 6 cue neu nan
1625165823.27584 iti
1625165824.77483 7 ring rew 0.065
1625165826.27500 7 cue neu 0.065
1625165827.77381 7 dot neu 0.065
1625165829.27380 iti
1625165830.77315 8 ring rew 0.5825
1625165832.27278 8 cue rew 0.5825
1625165833.77177 8 dot rew 0.5825
1625165835.27076 iti
1625165836.77082 iti
1625165838.27074 iti
1625165839.76973 iti
1625165841.26984 iti
1625165842.76875 iti
1625165844.26812 9 ring rew nan
1625165845.76779 9 cue rew nan
1625165847.26667 iti
1625165848.76697 10 ring rew 0.33
1625165850.26604 10 cue neu 0.33
1625165851.76564 10 dot neu 0.33
1625165853.26565 iti
1625165854.76463 11 ring rew -0.465
1625165856.26419 11 cue neu -0.465
1625165857.76364 11 dot neu -0.465
1625165859.28054 iti
1625165860.77954 iti
1625165862.27852 iti
1625165863.77859 iti
1625165865.27780 iti
1625165866.77964 12 ring rew 0.065
1625165868.27763 12 cue neu 0.065
1625165869.78162 12 dot neu 0.065
1625165871.27562 iti
1625165872.77660 iti
1625165874.44315 iti
1625165875.77358 13 ring rew 0.065
1625165877.27756 13 cue rew 0.065
1625165878.77358 13 dot rew 0.065
1625165880.27255 iti
1625165881.77254 14 ring rew -0.465
1625165883.27271 14 cue rew -0.465
1625165884.77152 14 dot rew -0.465
1625165886.27151 iti
1625165887.77050 15 ring rew -0.465
1625165889.30539 15 cue rew -0.465
1625165890.76847 15 dot rew -0.465
1625165892.26876 iti
1625165893.76845 iti
1625165895.26744 iti
1625165896.76743 16 ring rew -0.73
1625165898.26647 16 cue rew -0.73
1625165899.76641 16 dot rew -0.73
1625165901.26568 iti
1625165902.76441 17 ring rew nan
1625165904.26445 iti
1625165905.76336 18 ring rew nan
1625165907.26335 18 cue rew nan
1625165908.77930 iti
1625165910.27929 19 ring rew -0.9825
1625165911.77861 19 cue neu -0.9825
1625165913.27832 19 dot neu -0.9825
1625165914.77752 iti
1625165916.27725 20 ring rew nan
1625165917.77724 iti
1625165919.27723 21 ring rew 0.33
1625165920.77621 21 cue neu 0.33
1625165922.27537 21 dot neu 0.33
1625165923.77532 iti
1625165925.27418 iti
1625165926.77417 iti
1625165928.27362 22 ring rew -0.73
1625165929.77215 22 cue neu -0.73
1625165931.27214 22 dot neu -0.73
1625165932.77213 iti
1625165934.27117 23 ring rew nan
1625165935.77016 23 cue rew nan
1625165937.27213 iti
1625165938.76910 iti
1625165940.27008 iti
1625165941.76923 iti
1625165943.26811 iti
1625165944.76805 iti
1625165946.26703 iti
1625165947.76603 iti
1625165949.26621 iti
1625165950.76600 iti
1625165952.26503 24 ring rew nan
1625165953.76509 24 cue neu nan
1625165955.26397 iti
1625165956.78023 25 ring rew 0.5825
1625165958.27991 25 cue neu 0.5825
1625165959.77890 25 dot neu 0.5825
1625165961.27938 iti
1625165962.77888 26 ring rew 0.33
1625165964.27786 26 cue rew 0.33
1625165965.77985 26 dot rew 0.33
1625165967.27689 iti
1625165968.77618 27 ring rew 0.065
1625165970.27583 27 cue rew 0.065
1625165971.77486 27 dot rew 0.065
1625165973.27486 iti
1625165974.77441 28 ring rew 0.5825
1625165976.27386 28 cue rew 0.5825
1625165977.77290 28 dot rew 0.5825
1625165979.27284 iti
1625165980.77188 29 ring rew 0.5825
1625165982.27182 29 cue neu 0.5825
1625165983.77085 29 dot neu 0.5825
1625165985.27080 iti
1625165986.76996 iti
1625165988.26978 iti
1625165989.76881 30 ring rew 0.5825
1625165991.26875 30 cue rew 0.5825
1625165992.76807 30 dot rew 0.5825
1625165994.26677 iti
1625165995.76680 iti
1625165997.26571 iti
1625165998.76570 31 ring rew nan
1625166000.26580 iti
1625166001.76504 32 ring rew nan
1625166003.28485 iti
1625166004.78085 iti
1625166006.27984 iti
1625166007.78010 iti
1625166009.29899 33 ring rew -0.465
1625166010.77904 33 cue neu -0.465
1625166012.27791 33 dot neu -0.465
1625166013.77664 iti
1625166015.27863 iti
1625166016.77662 iti
1625166018.27592 iti
1625166019.78001 iti
1625166021.27478 iti
1625166022.79558 iti
1625166025.54417 iti
1625166025.77356 iti
1625166027.27267 iti
1625166028.77165 34 ring rew -0.9825
1625166030.28457 34 cue rew -0.9825
1625166031.77206 34 dot rew -0.9825
1625166033.27068 iti
1625166034.76998 35 ring rew -0.9825
1625166036.26998 35 cue neu -0.9825
1625166037.77301 35 dot neu -0.9825
1625166039.26912 iti
1625166040.76837 36 ring rew -0.9825
1625166042.26798 36 cue rew -0.9825
1625166043.76679 36 dot rew -0.9825
1625166045.26721 iti
1625166046.76621 37 ring rew nan
1625166048.26723 37 cue neu nan
1625166049.76649 iti
1625166051.26586 38 ring rew -0.73
1625166052.76421 38 cue neu -0.73
1625166054.26666 38 dot neu -0.73
1625166055.78186 iti
1625166057.28071 39 ring rew 0.5825
1625166058.78059 39 cue neu 0.5825
1625166060.27997 39 dot neu 0.5825
1625166061.77768 iti
1625166063.27766 40 ring rew nan
1625166064.77819 iti
1625166066.27672 iti
1625166067.77580 iti
1625166069.27562 iti
1625166070.77535 iti
1625166072.27407 iti
1625166073.77404 iti
1625166075.27415 iti
1625166076.77341 iti
1625166078.27178 iti
1625166079.77156 iti
1625166081.27282 stopping task
