1626203840.56834 starting task
1626203840.58619 iti
1626203842.08119 iti
1626203843.58118 iti
1626203845.08017 1 ring rew 0.065
1626203846.58020 1 cue neu 0.065
1626203848.08713 1 dot neu 0.065
1626203849.57914 iti
1626203851.07913 2 ring rew -0.9825
1626203852.57812 2 cue rew -0.9825
1626203854.07811 2 dot rew -0.9825
1626203855.57710 iti
1626203857.07609 3 ring rew nan
1626203858.57608 3 cue neu nan
1626203860.07507 iti
1626203861.57506 4 ring rew 0.5825
1626203863.07405 4 cue neu 0.5825
1626203864.57404 4 dot neu 0.5825
1626203866.07303 iti
1626203867.57302 iti
1626203869.07201 iti
1626203870.57199 5 ring rew nan
1626203872.07099 iti
1626203873.57097 6 ring rew 0.5825
1626203875.07096 6 cue rew 0.5825
1626203876.56995 6 dot rew 0.5825
1626203878.06894 iti
1626203879.56793 iti
1626203881.08488 iti
1626203882.58387 iti
1626203884.08386 iti
1626203885.58384 iti
1626203887.08283 7 ring rew nan
1626203888.58183 iti
1626203890.08182 8 ring rew 0.065
1626203891.58180 8 cue rew 0.065
1626203893.08379 8 dot rew 0.065
1626203894.58079 iti
1626203896.07977 9 ring rew -0.73
1626203897.57976 9 cue neu -0.73
1626203899.09870 9 dot neu -0.73
1626203900.58074 iti
1626203902.07773 iti
1626203903.57772 iti
1626203905.07771 iti
1626203906.57682 10 ring rew 0.5825
1626203908.07569 10 cue rew 0.5825
1626203909.57468 10 dot rew 0.5825
1626203911.07467 iti
1626203912.57466 iti
1626203914.07465 iti
1626203915.57463 iti
1626203917.07263 11 ring rew 0.5825
1626203918.57261 11 cue neu 0.5825
1626203920.07160 11 dot neu 0.5825
1626203921.57159 iti
1626203923.07158 12 ring rew -0.9825
1626203924.57057 12 cue neu -0.9825
1626203926.06956 12 dot neu -0.9825
1626203927.56955 iti
1626203929.08649 13 ring rew 0.33
1626203930.58548 13 cue rew 0.33
1626203932.08448 13 dot rew 0.33
1626203933.58455 iti
1626203935.08345 14 ring rew -0.9825
1626203936.58344 14 cue rew -0.9825
1626203938.08243 14 dot rew -0.9825
1626203939.58242 iti
1626203941.08141 15 ring rew 0.33
1626203942.58240 15 cue rew 0.33
1626203944.08142 15 dot rew 0.33
1626203945.57938 iti
1626203947.08037 iti
1626203948.57940 iti
1626203950.07835 iti
1626203951.57734 iti
1626203953.07733 iti
1626203954.57831 iti
1626203956.07631 iti
1626203957.57630 iti
1626203959.07529 16 ring rew -0.465
1626203960.57538 16 cue neu -0.465
1626203962.07626 16 dot neu -0.465
1626203963.57429 iti
1626203965.07324 iti
1626203966.57323 iti
1626203968.07322 17 ring rew -0.73
1626203969.57221 17 cue rew -0.73
1626203971.07120 17 dot rew -0.73
1626203972.57119 iti
1626203974.07018 18 ring rew -0.9825
1626203975.56917 18 cue neu -0.9825
1626203977.06916 18 dot neu -0.9825
1626203978.58510 iti
1626203980.08709 19 ring rew nan
1626203981.58408 iti
1626203983.08407 20 ring rew 0.065
1626203984.58306 20 cue neu 0.065
1626203986.08505 20 dot neu 0.065
1626203987.58204 iti
1626203989.08203 iti
1626203990.58102 iti
1626203992.08001 iti
1626203993.58000 iti
1626203995.07899 iti
1626203996.57898 21 ring rew -0.465
1626203998.07897 21 cue neu -0.465
1626203999.57796 21 dot neu -0.465
1626204001.07695 iti
1626204002.57694 22 ring rew nan
1626204004.07693 iti
1626204005.57592 23 ring rew nan
1626204007.07491 23 cue rew nan
1626204008.57490 iti
1626204010.07388 iti
1626204011.57387 iti
1626204013.07387 iti
1626204014.57285 24 ring rew 0.065
1626204016.07184 24 cue rew 0.065
1626204017.57183 24 dot rew 0.065
1626204019.07182 iti
1626204020.57081 25 ring rew 0.5825
1626204022.07080 25 cue neu 0.5825
1626204023.56979 25 dot neu 0.5825
1626204025.06982 iti
1626204026.56980 26 ring rew -0.73
1626204028.08577 26 cue rew -0.73
1626204029.58470 26 dot rew -0.73
1626204031.08473 iti
1626204032.58368 27 ring rew nan
1626204034.08271 iti
1626204035.58266 iti
1626204037.08267 iti
1626204038.58161 28 ring rew 0.33
1626204040.08164 28 cue neu 0.33
1626204041.58059 28 dot neu 0.33
1626204043.08082 iti
1626204044.57962 29 ring rew -0.9825
1626204046.07961 29 cue neu -0.9825
1626204047.57856 29 dot neu -0.9825
1626204049.07855 iti
1626204050.57754 30 ring rew 0.33
1626204052.07757 30 cue neu 0.33
1626204053.57658 30 dot neu 0.33
1626204055.07659 iti
1626204056.57560 31 ring rew -0.9825
1626204058.07555 31 cue rew -0.9825
1626204059.57454 31 dot rew -0.9825
1626204061.07454 iti
1626204062.57352 iti
1626204064.07350 iti
1626204065.57250 iti
1626204067.07249 32 ring rew 0.5825
1626204068.57147 32 cue rew 0.5825
1626204070.07047 32 dot rew 0.5825
1626204071.57045 iti
1626204073.07044 33 ring rew -0.465
1626204074.56943 33 cue rew -0.465
1626204076.06942 33 dot rew -0.465
1626204077.58537 iti
1626204079.08436 34 ring rew nan
1626204080.58434 34 cue rew nan
1626204082.08338 iti
1626204083.58333 35 ring rew nan
1626204085.08232 35 cue neu nan
1626204086.58230 iti
1626204088.08134 iti
1626204089.58133 iti
1626204091.08041 iti
1626204092.58036 iti
1626204094.07940 36 ring rew -0.465
1626204095.57934 36 cue rew -0.465
1626204097.07832 36 dot rew -0.465
1626204098.57835 iti
1626204100.07735 iti
1626204101.57725 iti
1626204103.07629 iti
1626204104.57610 37 ring rew -0.73
1626204106.07508 37 cue neu -0.73
1626204107.57502 37 dot neu -0.73
1626204109.07401 iti
1626204110.57400 iti
1626204112.07299 iti
1626204113.57298 iti
1626204115.07197 iti
1626204116.57199 iti
1626204118.07195 iti
1626204119.57094 iti
1626204121.07093 38 ring rew nan
1626204122.56992 iti
1626204124.06891 39 ring rew nan
1626204125.56890 39 cue neu nan
1626204127.08491 iti
1626204128.58498 40 ring rew nan
1626204130.08385 40 cue rew nan
1626204131.58385 iti
1626204133.08295 iti
1626204134.58285 iti
1626204136.08188 iti
1626204137.58183 iti
1626204139.08082 iti
1626204140.58080 iti
1626204142.07987 iti
1626204143.57986 iti
1626204145.07885 iti
1626204146.57884 iti
1626204148.07847 stopping task
