1625753337.82932 starting task
1625753337.83595 iti
1625753339.33471 iti
1625753340.83423 iti
1625753342.33381 1 ring rew 0.065
1625753343.83319 1 cue neu 0.065
1625753345.33267 1 dot neu 0.065
1625753346.83208 iti
1625753348.33157 2 ring rew -0.9825
1625753349.83114 2 cue rew -0.9825
1625753351.33066 2 dot rew -0.9825
1625753352.83026 iti
1625753354.33029 3 ring rew nan
1625753355.84576 3 cue neu nan
1625753357.34525 iti
1625753358.84470 4 ring rew 0.5825
1625753360.34430 4 cue neu 0.5825
1625753361.84390 4 dot neu 0.5825
1625753363.34325 iti
1625753364.84293 iti
1625753366.34220 iti
1625753367.84188 5 ring rew nan
1625753369.34116 iti
1625753370.84065 6 ring rew 0.5825
1625753372.34020 6 cue rew 0.5825
1625753373.83974 6 dot rew 0.5825
1625753375.33909 iti
1625753376.83862 iti
1625753378.33811 iti
1625753379.83763 iti
1625753381.33707 iti
1625753382.83653 iti
1625753384.33698 7 ring rew nan
1625753385.83548 iti
1625753387.33501 8 ring rew 0.065
1625753388.83466 8 cue rew 0.065
1625753390.33398 8 dot rew 0.065
1625753391.83354 iti
1625753393.33298 9 ring rew -0.73
1625753394.83259 9 cue neu -0.73
1625753396.33196 9 dot neu -0.73
1625753397.83140 iti
1625753399.33081 iti
1625753400.83041 iti
1625753402.33020 iti
1625753403.83029 10 ring rew 0.5825
1625753405.34565 10 cue rew 0.5825
1625753406.84520 10 dot rew 0.5825
1625753408.34452 iti
1625753409.84415 iti
1625753411.34369 iti
1625753412.84311 iti
1625753414.34254 11 ring rew 0.5825
1625753415.84211 11 cue neu 0.5825
1625753417.34157 11 dot neu 0.5825
1625753418.84105 iti
1625753420.34053 12 ring rew -0.9825
1625753421.83999 12 cue neu -0.9825
1625753423.33948 12 dot neu -0.9825
1625753424.83898 iti
1625753426.33851 13 ring rew 0.33
1625753427.83795 13 cue rew 0.33
1625753429.33745 13 dot rew 0.33
1625753430.83692 iti
1625753432.33645 14 ring rew -0.9825
1625753433.83587 14 cue rew -0.9825
1625753435.33527 14 dot rew -0.9825
1625753436.83489 iti
1625753438.33429 15 ring rew 0.33
1625753439.83375 15 cue rew 0.33
1625753441.33322 15 dot rew 0.33
1625753442.83281 iti
1625753444.33222 iti
1625753445.83167 iti
1625753447.33120 iti
1625753448.83067 iti
1625753450.33018 iti
1625753451.83011 iti
1625753453.34594 iti
1625753454.84545 iti
1625753456.34492 16 ring rew -0.465
1625753457.84446 16 cue neu -0.465
1625753459.34371 16 dot neu -0.465
1625753460.84338 iti
1625753462.34287 iti
1625753463.84233 iti
1625753465.34186 17 ring rew -0.73
1625753466.84131 17 cue rew -0.73
1625753468.34083 17 dot rew -0.73
1625753469.84030 iti
1625753471.33972 18 ring rew -0.9825
1625753472.83907 18 cue neu -0.9825
1625753474.33878 18 dot neu -0.9825
1625753475.83827 iti
1625753477.33773 19 ring rew nan
1625753478.83725 iti
1625753480.33666 20 ring rew 0.065
1625753481.83615 20 cue neu 0.065
1625753483.33566 20 dot neu 0.065
1625753484.83521 iti
1625753486.33466 iti
1625753487.83404 iti
1625753489.33365 iti
1625753490.83298 iti
1625753492.33252 iti
1625753493.83195 21 ring rew -0.465
1625753495.33149 21 cue neu -0.465
1625753496.83090 21 dot neu -0.465
1625753498.33044 iti
1625753499.83016 22 ring rew nan
1625753501.33015 iti
1625753502.84570 23 ring rew nan
1625753504.34523 23 cue rew nan
1625753505.84469 iti
1625753507.34418 iti
1625753508.84356 iti
1625753510.34304 iti
1625753511.84261 24 ring rew 0.065
1625753513.34215 24 cue rew 0.065
1625753514.84159 24 dot rew 0.065
1625753516.34111 iti
1625753517.84066 25 ring rew 0.5825
1625753519.34009 25 cue neu 0.5825
1625753520.83958 25 dot neu 0.5825
1625753522.33905 iti
1625753523.83839 26 ring rew -0.73
1625753525.33802 26 cue rew -0.73
1625753526.83754 26 dot rew -0.73
1625753528.33691 iti
1625753529.83641 27 ring rew nan
1625753531.33594 iti
1625753532.83539 iti
1625753534.33483 iti
1625753535.83442 28 ring rew 0.33
1625753537.33395 28 cue neu 0.33
1625753538.83329 28 dot neu 0.33
1625753540.33282 iti
1625753541.83247 29 ring rew -0.9825
1625753543.33169 29 cue neu -0.9825
1625753544.83124 29 dot neu -0.9825
1625753546.33074 iti
1625753547.83020 30 ring rew 0.33
1625753549.34570 30 cue neu 0.33
1625753550.84521 30 dot neu 0.33
1625753552.34469 iti
1625753553.84420 31 ring rew -0.9825
1625753555.34368 31 cue rew -0.9825
1625753556.84304 31 dot rew -0.9825
1625753558.34265 iti
1625753559.84195 iti
1625753561.34153 iti
1625753562.84113 iti
1625753564.34055 32 ring rew 0.5825
1625753565.84005 32 cue rew 0.5825
1625753567.33958 32 dot rew 0.5825
1625753568.83908 iti
1625753570.33863 33 ring rew -0.465
1625753571.83800 33 cue rew -0.465
1625753573.33760 33 dot rew -0.465
1625753574.83695 iti
1625753576.33651 34 ring rew nan
1625753577.83590 34 cue rew nan
1625753579.33528 iti
1625753580.83485 35 ring rew nan
1625753582.33432 35 cue neu nan
1625753583.83388 iti
1625753585.33335 iti
1625753586.83284 iti
1625753588.33228 iti
1625753589.83181 iti
1625753591.33120 36 ring rew -0.465
1625753592.83066 36 cue rew -0.465
1625753594.33026 36 dot rew -0.465
1625753595.83018 iti
1625753597.33010 iti
1625753598.84548 iti
1625753600.34496 iti
1625753601.84444 37 ring rew -0.73
1625753603.34392 37 cue neu -0.73
1625753604.84341 37 dot neu -0.73
1625753606.34291 iti
1625753607.84238 iti
1625753609.34188 iti
1625753610.84127 iti
1625753612.34084 iti
1625753613.84043 iti
1625753615.33982 iti
1625753616.83918 iti
1625753618.33880 38 ring rew nan
1625753619.83831 iti
1625753621.33793 39 ring rew nan
1625753622.83736 39 cue neu nan
1625753624.33663 iti
1625753625.83614 40 ring rew nan
1625753627.33562 40 cue rew nan
1625753628.83515 iti
1625753630.33473 iti
1625753631.83412 iti
1625753633.33360 iti
1625753634.83318 iti
1625753636.33262 iti
1625753637.83203 iti
1625753639.33150 iti
1625753640.83103 iti
1625753642.33049 iti
1625753643.83010 iti
1625753645.33162 stopping task
